<?xml version="1.0" encoding="UTF-8"?>
<testsuite xmlns:xsi="http://www.w3.org/2001/XMLSchema-instance" xsi:noNamespaceSchemaLocation="https://maven.apache.org/surefire/maven-surefire-plugin/xsd/surefire-test-report.xsd" name="CryptoTest" time="0.77" tests="2" errors="0" skipped="0" failures="0">
  <properties>
    <property name="sun.desktop" value="gnome"/>
    <property name="awt.toolkit" value="sun.awt.X11.XToolkit"/>
    <property name="java.specification.version" value="11"/>
    <property name="sun.cpu.isalist" value=""/>
    <property name="sun.jnu.encoding" value="UTF-8"/>
    <property name="java.class.path" value="/home/raj/Desktop/Data/Nirvana/alpha-testing-branch/Nirvana/microservices/Microservice_User Management/target/test-classes:/home/raj/Desktop/Data/Nirvana/alpha-testing-branch/Nirvana/microservices/Microservice_User Management/target/classes:/home/raj/.m2/repository/junit/junit/4.13/junit-4.13.jar:/home/raj/.m2/repository/org/hamcrest/hamcrest-core/1.3/hamcrest-core-1.3.jar:/home/raj/.m2/repository/org/apache/kafka/kafka-clients/2.0.0/kafka-clients-2.0.0.jar:/home/raj/.m2/repository/org/lz4/lz4-java/1.4.1/lz4-java-1.4.1.jar:/home/raj/.m2/repository/org/xerial/snappy/snappy-java/1.1.7.1/snappy-java-1.1.7.1.jar:/home/raj/.m2/repository/org/slf4j/slf4j-api/1.7.25/slf4j-api-1.7.25.jar:/home/raj/.m2/repository/org/apache/kafka/connect-json/2.0.0/connect-json-2.0.0.jar:/home/raj/.m2/repository/org/apache/kafka/connect-api/2.0.0/connect-api-2.0.0.jar:/home/raj/.m2/repository/javax/ws/rs/javax.ws.rs-api/2.1/javax.ws.rs-api-2.1.jar:/home/raj/.m2/repository/com/fasterxml/jackson/core/jackson-databind/2.9.6/jackson-databind-2.9.6.jar:/home/raj/.m2/repository/com/fasterxml/jackson/core/jackson-annotations/2.9.0/jackson-annotations-2.9.0.jar:/home/raj/.m2/repository/com/fasterxml/jackson/core/jackson-core/2.9.6/jackson-core-2.9.6.jar:/home/raj/.m2/repository/org/apache/kafka/kafka-streams/2.0.0/kafka-streams-2.0.0.jar:/home/raj/.m2/repository/org/rocksdb/rocksdbjni/5.7.3/rocksdbjni-5.7.3.jar:/home/raj/.m2/repository/io/confluent/kafka-avro-serializer/5.4.0/kafka-avro-serializer-5.4.0.jar:/home/raj/.m2/repository/org/apache/avro/avro/1.9.1/avro-1.9.1.jar:/home/raj/.m2/repository/org/apache/commons/commons-compress/1.19/commons-compress-1.19.jar:/home/raj/.m2/repository/io/confluent/kafka-schema-registry-client/5.4.0/kafka-schema-registry-client-5.4.0.jar:/home/raj/.m2/repository/io/swagger/swagger-annotations/1.5.22/swagger-annotations-1.5.22.jar:/home/raj/.m2/repository/io/swagger/swagger-core/1.5.3/swagger-core-1.5.3.jar:/home/raj/.m2/repository/org/apache/commons/commons-lang3/3.2.1/commons-lang3-3.2.1.jar:/home/raj/.m2/repository/com/fasterxml/jackson/datatype/jackson-datatype-joda/2.4.5/jackson-datatype-joda-2.4.5.jar:/home/raj/.m2/repository/joda-time/joda-time/2.2/joda-time-2.2.jar:/home/raj/.m2/repository/com/fasterxml/jackson/dataformat/jackson-dataformat-yaml/2.4.5/jackson-dataformat-yaml-2.4.5.jar:/home/raj/.m2/repository/org/yaml/snakeyaml/1.12/snakeyaml-1.12.jar:/home/raj/.m2/repository/io/swagger/swagger-models/1.5.3/swagger-models-1.5.3.jar:/home/raj/.m2/repository/com/google/guava/guava/18.0/guava-18.0.jar:/home/raj/.m2/repository/io/confluent/common-config/5.4.0/common-config-5.4.0.jar:/home/raj/.m2/repository/io/confluent/common-utils/5.4.0/common-utils-5.4.0.jar:/home/raj/.m2/repository/org/apache/kafka/kafka_2.12/5.4.0-ccs/kafka_2.12-5.4.0-ccs.jar:/home/raj/.m2/repository/com/fasterxml/jackson/module/jackson-module-scala_2.12/2.9.10/jackson-module-scala_2.12-2.9.10.jar:/home/raj/.m2/repository/com/fasterxml/jackson/module/jackson-module-paranamer/2.9.10/jackson-module-paranamer-2.9.10.jar:/home/raj/.m2/repository/com/thoughtworks/paranamer/paranamer/2.8/paranamer-2.8.jar:/home/raj/.m2/repository/com/fasterxml/jackson/dataformat/jackson-dataformat-csv/2.9.10/jackson-dataformat-csv-2.9.10.jar:/home/raj/.m2/repository/com/fasterxml/jackson/datatype/jackson-datatype-jdk8/2.9.10/jackson-datatype-jdk8-2.9.10.jar:/home/raj/.m2/repository/net/sf/jopt-simple/jopt-simple/5.0.4/jopt-simple-5.0.4.jar:/home/raj/.m2/repository/com/yammer/metrics/metrics-core/2.2.0/metrics-core-2.2.0.jar:/home/raj/.m2/repository/org/scala-lang/modules/scala-collection-compat_2.12/2.1.2/scala-collection-compat_2.12-2.1.2.jar:/home/raj/.m2/repository/org/scala-lang/modules/scala-java8-compat_2.12/0.9.0/scala-java8-compat_2.12-0.9.0.jar:/home/raj/.m2/repository/org/scala-lang/scala-library/2.12.10/scala-library-2.12.10.jar:/home/raj/.m2/repository/org/scala-lang/scala-reflect/2.12.10/scala-reflect-2.12.10.jar:/home/raj/.m2/repository/com/typesafe/scala-logging/scala-logging_2.12/3.9.2/scala-logging_2.12-3.9.2.jar:/home/raj/.m2/repository/org/apache/zookeeper/zookeeper/3.5.6/zookeeper-3.5.6.jar:/home/raj/.m2/repository/org/apache/zookeeper/zookeeper-jute/3.5.6/zookeeper-jute-3.5.6.jar:/home/raj/.m2/repository/org/apache/yetus/audience-annotations/0.5.0/audience-annotations-0.5.0.jar:/home/raj/.m2/repository/io/netty/netty-handler/4.1.42.Final/netty-handler-4.1.42.Final.jar:/home/raj/.m2/repository/io/netty/netty-common/4.1.42.Final/netty-common-4.1.42.Final.jar:/home/raj/.m2/repository/io/netty/netty-buffer/4.1.42.Final/netty-buffer-4.1.42.Final.jar:/home/raj/.m2/repository/io/netty/netty-transport/4.1.42.Final/netty-transport-4.1.42.Final.jar:/home/raj/.m2/repository/io/netty/netty-resolver/4.1.42.Final/netty-resolver-4.1.42.Final.jar:/home/raj/.m2/repository/io/netty/netty-codec/4.1.42.Final/netty-codec-4.1.42.Final.jar:/home/raj/.m2/repository/io/netty/netty-transport-native-epoll/4.1.42.Final/netty-transport-native-epoll-4.1.42.Final.jar:/home/raj/.m2/repository/io/netty/netty-transport-native-unix-common/4.1.42.Final/netty-transport-native-unix-common-4.1.42.Final.jar:/home/raj/.m2/repository/commons-cli/commons-cli/1.4/commons-cli-1.4.jar:/home/raj/.m2/repository/com/googlecode/json-simple/json-simple/1.1/json-simple-1.1.jar:/home/raj/.m2/repository/org/mindrot/jbcrypt/0.3m/jbcrypt-0.3m.jar:/home/raj/.m2/repository/postgresql/postgresql/9.1-901-1.jdbc4/postgresql-9.1-901-1.jdbc4.jar:/home/raj/.m2/repository/org/junit/jupiter/junit-jupiter/5.6.0/junit-jupiter-5.6.0.jar:/home/raj/.m2/repository/org/junit/jupiter/junit-jupiter-api/5.6.0/junit-jupiter-api-5.6.0.jar:/home/raj/.m2/repository/org/apiguardian/apiguardian-api/1.1.0/apiguardian-api-1.1.0.jar:/home/raj/.m2/repository/org/opentest4j/opentest4j/1.2.0/opentest4j-1.2.0.jar:/home/raj/.m2/repository/org/junit/platform/junit-platform-commons/1.6.0/junit-platform-commons-1.6.0.jar:/home/raj/.m2/repository/org/junit/jupiter/junit-jupiter-params/5.6.0/junit-jupiter-params-5.6.0.jar:/home/raj/.m2/repository/org/junit/jupiter/junit-jupiter-engine/5.6.0/junit-jupiter-engine-5.6.0.jar:/home/raj/.m2/repository/org/junit/platform/junit-platform-engine/1.6.0/junit-platform-engine-1.6.0.jar:"/>
    <property name="java.vm.vendor" value="Ubuntu"/>
    <property name="sun.arch.data.model" value="64"/>
    <property name="java.vendor.url" value="https://ubuntu.com/"/>
    <property name="user.timezone" value=""/>
    <property name="java.vm.specification.version" value="11"/>
    <property name="os.name" value="Linux"/>
    <property name="sun.java.launcher" value="SUN_STANDARD"/>
    <property name="user.country" value="US"/>
    <property name="sun.boot.library.path" value="/usr/lib/jvm/java-11-openjdk-amd64/lib"/>
    <property name="sun.java.command" value="/home/raj/Desktop/Data/Nirvana/alpha-testing-branch/Nirvana/microservices/Microservice_User Management/target/surefire/surefirebooter17273320558871972414.jar /home/raj/Desktop/Data/Nirvana/alpha-testing-branch/Nirvana/microservices/Microservice_User Management/target/surefire 2020-03-09T16-13-41_260-jvmRun1 surefire1439458354438443264tmp surefire_0655039331203773639tmp"/>
    <property name="jdk.debug" value="release"/>
    <property name="surefire.test.class.path" value="/home/raj/Desktop/Data/Nirvana/alpha-testing-branch/Nirvana/microservices/Microservice_User Management/target/test-classes:/home/raj/Desktop/Data/Nirvana/alpha-testing-branch/Nirvana/microservices/Microservice_User Management/target/classes:/home/raj/.m2/repository/junit/junit/4.13/junit-4.13.jar:/home/raj/.m2/repository/org/hamcrest/hamcrest-core/1.3/hamcrest-core-1.3.jar:/home/raj/.m2/repository/org/apache/kafka/kafka-clients/2.0.0/kafka-clients-2.0.0.jar:/home/raj/.m2/repository/org/lz4/lz4-java/1.4.1/lz4-java-1.4.1.jar:/home/raj/.m2/repository/org/xerial/snappy/snappy-java/1.1.7.1/snappy-java-1.1.7.1.jar:/home/raj/.m2/repository/org/slf4j/slf4j-api/1.7.25/slf4j-api-1.7.25.jar:/home/raj/.m2/repository/org/apache/kafka/connect-json/2.0.0/connect-json-2.0.0.jar:/home/raj/.m2/repository/org/apache/kafka/connect-api/2.0.0/connect-api-2.0.0.jar:/home/raj/.m2/repository/javax/ws/rs/javax.ws.rs-api/2.1/javax.ws.rs-api-2.1.jar:/home/raj/.m2/repository/com/fasterxml/jackson/core/jackson-databind/2.9.6/jackson-databind-2.9.6.jar:/home/raj/.m2/repository/com/fasterxml/jackson/core/jackson-annotations/2.9.0/jackson-annotations-2.9.0.jar:/home/raj/.m2/repository/com/fasterxml/jackson/core/jackson-core/2.9.6/jackson-core-2.9.6.jar:/home/raj/.m2/repository/org/apache/kafka/kafka-streams/2.0.0/kafka-streams-2.0.0.jar:/home/raj/.m2/repository/org/rocksdb/rocksdbjni/5.7.3/rocksdbjni-5.7.3.jar:/home/raj/.m2/repository/io/confluent/kafka-avro-serializer/5.4.0/kafka-avro-serializer-5.4.0.jar:/home/raj/.m2/repository/org/apache/avro/avro/1.9.1/avro-1.9.1.jar:/home/raj/.m2/repository/org/apache/commons/commons-compress/1.19/commons-compress-1.19.jar:/home/raj/.m2/repository/io/confluent/kafka-schema-registry-client/5.4.0/kafka-schema-registry-client-5.4.0.jar:/home/raj/.m2/repository/io/swagger/swagger-annotations/1.5.22/swagger-annotations-1.5.22.jar:/home/raj/.m2/repository/io/swagger/swagger-core/1.5.3/swagger-core-1.5.3.jar:/home/raj/.m2/repository/org/apache/commons/commons-lang3/3.2.1/commons-lang3-3.2.1.jar:/home/raj/.m2/repository/com/fasterxml/jackson/datatype/jackson-datatype-joda/2.4.5/jackson-datatype-joda-2.4.5.jar:/home/raj/.m2/repository/joda-time/joda-time/2.2/joda-time-2.2.jar:/home/raj/.m2/repository/com/fasterxml/jackson/dataformat/jackson-dataformat-yaml/2.4.5/jackson-dataformat-yaml-2.4.5.jar:/home/raj/.m2/repository/org/yaml/snakeyaml/1.12/snakeyaml-1.12.jar:/home/raj/.m2/repository/io/swagger/swagger-models/1.5.3/swagger-models-1.5.3.jar:/home/raj/.m2/repository/com/google/guava/guava/18.0/guava-18.0.jar:/home/raj/.m2/repository/io/confluent/common-config/5.4.0/common-config-5.4.0.jar:/home/raj/.m2/repository/io/confluent/common-utils/5.4.0/common-utils-5.4.0.jar:/home/raj/.m2/repository/org/apache/kafka/kafka_2.12/5.4.0-ccs/kafka_2.12-5.4.0-ccs.jar:/home/raj/.m2/repository/com/fasterxml/jackson/module/jackson-module-scala_2.12/2.9.10/jackson-module-scala_2.12-2.9.10.jar:/home/raj/.m2/repository/com/fasterxml/jackson/module/jackson-module-paranamer/2.9.10/jackson-module-paranamer-2.9.10.jar:/home/raj/.m2/repository/com/thoughtworks/paranamer/paranamer/2.8/paranamer-2.8.jar:/home/raj/.m2/repository/com/fasterxml/jackson/dataformat/jackson-dataformat-csv/2.9.10/jackson-dataformat-csv-2.9.10.jar:/home/raj/.m2/repository/com/fasterxml/jackson/datatype/jackson-datatype-jdk8/2.9.10/jackson-datatype-jdk8-2.9.10.jar:/home/raj/.m2/repository/net/sf/jopt-simple/jopt-simple/5.0.4/jopt-simple-5.0.4.jar:/home/raj/.m2/repository/com/yammer/metrics/metrics-core/2.2.0/metrics-core-2.2.0.jar:/home/raj/.m2/repository/org/scala-lang/modules/scala-collection-compat_2.12/2.1.2/scala-collection-compat_2.12-2.1.2.jar:/home/raj/.m2/repository/org/scala-lang/modules/scala-java8-compat_2.12/0.9.0/scala-java8-compat_2.12-0.9.0.jar:/home/raj/.m2/repository/org/scala-lang/scala-library/2.12.10/scala-library-2.12.10.jar:/home/raj/.m2/repository/org/scala-lang/scala-reflect/2.12.10/scala-reflect-2.12.10.jar:/home/raj/.m2/repository/com/typesafe/scala-logging/scala-logging_2.12/3.9.2/scala-logging_2.12-3.9.2.jar:/home/raj/.m2/repository/org/apache/zookeeper/zookeeper/3.5.6/zookeeper-3.5.6.jar:/home/raj/.m2/repository/org/apache/zookeeper/zookeeper-jute/3.5.6/zookeeper-jute-3.5.6.jar:/home/raj/.m2/repository/org/apache/yetus/audience-annotations/0.5.0/audience-annotations-0.5.0.jar:/home/raj/.m2/repository/io/netty/netty-handler/4.1.42.Final/netty-handler-4.1.42.Final.jar:/home/raj/.m2/repository/io/netty/netty-common/4.1.42.Final/netty-common-4.1.42.Final.jar:/home/raj/.m2/repository/io/netty/netty-buffer/4.1.42.Final/netty-buffer-4.1.42.Final.jar:/home/raj/.m2/repository/io/netty/netty-transport/4.1.42.Final/netty-transport-4.1.42.Final.jar:/home/raj/.m2/repository/io/netty/netty-resolver/4.1.42.Final/netty-resolver-4.1.42.Final.jar:/home/raj/.m2/repository/io/netty/netty-codec/4.1.42.Final/netty-codec-4.1.42.Final.jar:/home/raj/.m2/repository/io/netty/netty-transport-native-epoll/4.1.42.Final/netty-transport-native-epoll-4.1.42.Final.jar:/home/raj/.m2/repository/io/netty/netty-transport-native-unix-common/4.1.42.Final/netty-transport-native-unix-common-4.1.42.Final.jar:/home/raj/.m2/repository/commons-cli/commons-cli/1.4/commons-cli-1.4.jar:/home/raj/.m2/repository/com/googlecode/json-simple/json-simple/1.1/json-simple-1.1.jar:/home/raj/.m2/repository/org/mindrot/jbcrypt/0.3m/jbcrypt-0.3m.jar:/home/raj/.m2/repository/postgresql/postgresql/9.1-901-1.jdbc4/postgresql-9.1-901-1.jdbc4.jar:/home/raj/.m2/repository/org/junit/jupiter/junit-jupiter/5.6.0/junit-jupiter-5.6.0.jar:/home/raj/.m2/repository/org/junit/jupiter/junit-jupiter-api/5.6.0/junit-jupiter-api-5.6.0.jar:/home/raj/.m2/repository/org/apiguardian/apiguardian-api/1.1.0/apiguardian-api-1.1.0.jar:/home/raj/.m2/repository/org/opentest4j/opentest4j/1.2.0/opentest4j-1.2.0.jar:/home/raj/.m2/repository/org/junit/platform/junit-platform-commons/1.6.0/junit-platform-commons-1.6.0.jar:/home/raj/.m2/repository/org/junit/jupiter/junit-jupiter-params/5.6.0/junit-jupiter-params-5.6.0.jar:/home/raj/.m2/repository/org/junit/jupiter/junit-jupiter-engine/5.6.0/junit-jupiter-engine-5.6.0.jar:/home/raj/.m2/repository/org/junit/platform/junit-platform-engine/1.6.0/junit-platform-engine-1.6.0.jar:"/>
    <property name="sun.cpu.endian" value="little"/>
    <property name="user.home" value="/home/raj"/>
    <property name="user.language" value="en"/>
    <property name="java.specification.vendor" value="Oracle Corporation"/>
    <property name="java.version.date" value="2020-01-14"/>
    <property name="java.home" value="/usr/lib/jvm/java-11-openjdk-amd64"/>
    <property name="file.separator" value="/"/>
    <property name="basedir" value="/home/raj/Desktop/Data/Nirvana/alpha-testing-branch/Nirvana/microservices/Microservice_User Management"/>
    <property name="java.vm.compressedOopsMode" value="32-bit"/>
    <property name="line.separator" value="&#10;"/>
    <property name="java.specification.name" value="Java Platform API Specification"/>
    <property name="java.vm.specification.vendor" value="Oracle Corporation"/>
    <property name="java.awt.graphicsenv" value="sun.awt.X11GraphicsEnvironment"/>
    <property name="surefire.real.class.path" value="/home/raj/Desktop/Data/Nirvana/alpha-testing-branch/Nirvana/microservices/Microservice_User Management/target/surefire/surefirebooter17273320558871972414.jar"/>
    <property name="sun.management.compiler" value="HotSpot 64-Bit Tiered Compilers"/>
    <property name="java.runtime.version" value="11.0.6+10-post-Ubuntu-1ubuntu119.10.1"/>
    <property name="user.name" value="raj"/>
    <property name="path.separator" value=":"/>
    <property name="os.version" value="5.3.0-40-generic"/>
    <property name="java.runtime.name" value="OpenJDK Runtime Environment"/>
    <property name="file.encoding" value="UTF-8"/>
    <property name="java.vm.name" value="OpenJDK 64-Bit Server VM"/>
    <property name="localRepository" value="/home/raj/.m2/repository"/>
    <property name="java.vendor.url.bug" value="https://bugs.launchpad.net/ubuntu/+source/openjdk-lts"/>
    <property name="java.io.tmpdir" value="/tmp"/>
    <property name="java.version" value="11.0.6"/>
    <property name="user.dir" value="/home/raj/Desktop/Data/Nirvana/alpha-testing-branch/Nirvana/microservices/Microservice_User Management"/>
    <property name="os.arch" value="amd64"/>
    <property name="java.vm.specification.name" value="Java Virtual Machine Specification"/>
    <property name="java.awt.printerjob" value="sun.print.PSPrinterJob"/>
    <property name="sun.os.patch.level" value="unknown"/>
    <property name="java.library.path" value="/usr/java/packages/lib:/usr/lib/x86_64-linux-gnu/jni:/lib/x86_64-linux-gnu:/usr/lib/x86_64-linux-gnu:/usr/lib/jni:/lib:/usr/lib"/>
    <property name="java.vendor" value="Ubuntu"/>
    <property name="java.vm.info" value="mixed mode, sharing"/>
    <property name="java.vm.version" value="11.0.6+10-post-Ubuntu-1ubuntu119.10.1"/>
    <property name="sun.io.unicode.encoding" value="UnicodeLittle"/>
    <property name="java.class.version" value="55.0"/>
  </properties>
  <testcase name="Test_validatePassword" classname="CryptoTest" time="0.517"/>
  <testcase name="Test_getSHAPassword" classname="CryptoTest" time="0.247"/>
</testsuite>